ORCARCHER(100) ATTACK ELFARCHER(100)
ELFARCHER(98) got damage 2HP...
ORCHOBLIN(100) ATTACK ELFWARRIOR(100)
ELFWARRIOR(80) got damage 20HP...
ORCHOBLIN(100) ATTACK ELFARCHER(98)
ELFARCHER(78) got damage 20HP...
ORCSHAMAN(100) UPGRADE ORCHOBLIN(100)
ORCHOBLIN(100) ATTACK ELFARCHER(100)
ELFARCHER(70) got damage 30HP...
ORCARCHER(100) ATTACK ELFARCHER(78)
ELFARCHER(76) got damage 2HP...
ORCHOBLIN(100) ATTACK ELFARCHER(100)
ELFARCHER(80) got damage 20HP...
ORCARCHER(100) ATTACK ELFWIZARD(100)
ELFWIZARD(98) got damage 2HP...

ELFWARRIOR(100) ATTACK ORCARCHER(100)
ORCARCHER(85) got damage 15HP...
ELFARCHER(80) SHOOT ORCHOBLIN(100)
ORCHOBLIN(93) got damage 7HP...
ELFWARRIOR(80) ATTACK ORCARCHER(100)
ORCARCHER(85) got damage 15HP...
ELFARCHER(76) SHOOT ORCARCHER(85)
ORCARCHER(78) got damage 7HP...
ELFWARRIOR(100) ATTACK ORCHOBLIN(93)
ORCHOBLIN(78) got damage 15HP...
ELFWIZARD(98) ATTACK ORCHOBLIN(78)
ORCHOBLIN(68) got damage 10HP...
ELFARCHER(70) SHOOT ORCARCHER(78)
ORCARCHER(71) got damage 7HP...
ELFWARRIOR(100) ATTACK ORCARCHER(71)
ORCARCHER(56) got damage 15HP...

ORCHOBLIN(68) ATTACK ELFWARRIOR(100)
ELFWARRIOR(80) got damage 20HP...
ORCHOBLIN(100) ATTACK ELFWARRIOR(100)
ELFWARRIOR(80) got damage 20HP...
ORCARCHER(56) ATTACK ELFWIZARD(98)
ELFWIZARD(96) got damage 2HP...
ORCHOBLIN(100) ATTACK ELFWARRIOR(80)
ELFWARRIOR(60) got damage 20HP...
ORCARCHER(85) ATTACK ELFWARRIOR(100)
ELFWARRIOR(98) got damage 2HP...
ORCHOBLIN(100) ATTACK ELFARCHER(80)
ELFARCHER(60) got damage 20HP...
ORCSHAMAN(100) UPGRADE ORCARCHER(85)
ORCARCHER(100) SHOOT ELFARCHER(70)
ELFARCHER(67) got damage 3HP...

ELFARCHER(76) SHOOT ORCSHAMAN(100)
ORCSHAMAN(93) got damage 7HP...
ELFARCHER(67) SHOOT ORCARCHER(100)
ORCARCHER(93) got damage 7HP...
ELFWIZARD(96) ATTACK ORCHOBLIN(68)
ORCHOBLIN(58) got damage 10HP...
ELFWARRIOR(80) ATTACK ORCSHAMAN(93)
ORCSHAMAN(78) got damage 15HP...
ELFWARRIOR(60) ATTACK ORCARCHER(56)
ORCARCHER(41) got damage 15HP...
ELFWARRIOR(98) ATTACK ORCARCHER(93)
ORCARCHER(78) got damage 15HP...
ELFARCHER(60) ATTACK ORCSHAMAN(78)
ORCSHAMAN(75) got damage 3HP...
ELFWARRIOR(80) ATTACK ORCARCHER(85)
ORCARCHER(70) got damage 15HP...

ORCARCHER(70) ATTACK ELFARCHER(60)
ELFARCHER(57) got damage 3HP...
ORCHOBLIN(58) ATTACK ELFARCHER(67)
ELFARCHER(47) got damage 20HP...
ORCSHAMAN(75) UPGRADE ORCHOBLIN(58)
ORCHOBLIN(100) ATTACK ELFWARRIOR(80)
ELFWARRIOR(60) got damage 20HP...
ORCARCHER(41) SHOOT ELFWARRIOR(98)
ELFWARRIOR(95) got damage 3HP...
ORCHOBLIN(100) ATTACK ELFWARRIOR(95)
ELFWARRIOR(75) got damage 20HP...
ORCARCHER(78) SHOOT ELFARCHER(76)
ELFARCHER(73) got damage 3HP...
ORCHOBLIN(100) ATTACK ELFARCHER(73)
ELFARCHER(53) got damage 20HP...

ELFARCHER(53) SHOOT ORCARCHER(41)
ORCARCHER(34) got damage 7HP...
ELFWIZARD(96) UPGRADE ELFARCHER(53)
ELFARCHER(57) SHOOT ORCARCHER(70)
ORCARCHER(63) got damage 7HP...
ELFWARRIOR(75) ATTACK ORCARCHER(34)
ORCARCHER(19) got damage 15HP...
ELFWARRIOR(80) ATTACK ORCSHAMAN(75)
ORCSHAMAN(60) got damage 15HP...
ELFARCHER(47) SHOOT ORCARCHER(78)
ORCARCHER(71) got damage 7HP...
ELFWARRIOR(60) ATTACK ORCARCHER(19)
ORCARCHER(4) got damage 15HP...
ELFWARRIOR(60) ATTACK ORCARCHER(71)
ORCARCHER(56) got damage 15HP...

ORCHOBLIN(58) ATTACK ELFWIZARD(96)
ELFWIZARD(66) got damage 30HP...
ORCSHAMAN(60) UPGRADE ORCARCHER(4)
ORCHOBLIN(100) ATTACK ELFWIZARD(66)
ELFWIZARD(46) got damage 20HP...
ORCHOBLIN(100) ATTACK ELFARCHER(57)
ELFARCHER(37) got damage 20HP...
ORCARCHER(4) ATTACK ELFWARRIOR(60)
ELFWARRIOR(57) got damage 3HP...
ORCHOBLIN(100) ATTACK ELFARCHER(53)
ELFARCHER(33) got damage 20HP...
ORCARCHER(56) SHOOT ELFARCHER(33)
ELFARCHER(30) got damage 3HP...
ORCARCHER(63) ATTACK ELFARCHER(30)
ELFARCHER(28) got damage 2HP...

ELFARCHER(28) SHOOT ORCHOBLIN(100)
ORCHOBLIN(90) got damage 10HP...
ELFARCHER(37) ATTACK ORCHOBLIN(90)
ORCHOBLIN(87) got damage 3HP...
ELFWARRIOR(80) ATTACK ORCARCHER(56)
ORCARCHER(41) got damage 15HP...
ELFARCHER(47) ATTACK ORCARCHER(41)
ORCARCHER(38) got damage 3HP...
ELFWARRIOR(75) ATTACK ORCSHAMAN(60)
ORCSHAMAN(45) got damage 15HP...
ELFWARRIOR(60) ATTACK ORCHOBLIN(58)
ORCHOBLIN(43) got damage 15HP...
ELFWARRIOR(57) ATTACK ORCARCHER(4)
ORCARCHER got damage 15HP and died...
ELFWIZARD(46) ATTACK ORCSHAMAN(45)
ORCSHAMAN(35) got damage 10HP...

ORCHOBLIN(87) ATTACK ELFWIZARD(46)
ELFWIZARD(26) got damage 20HP...
ORCHOBLIN(100) ATTACK ELFARCHER(37)
ELFARCHER(17) got damage 20HP...
ORCARCHER(63) SHOOT ELFWARRIOR(57)
ELFWARRIOR(54) got damage 3HP...
ORCSHAMAN(35) CURSE ELFWARRIOR(80)
ORCARCHER(38) ATTACK ELFWARRIOR(80)
ELFWARRIOR(78) got damage 2HP...
ORCHOBLIN(43) ATTACK ELFWARRIOR(75)
ELFWARRIOR(55) got damage 20HP...
ORCHOBLIN(100) ATTACK ELFWARRIOR(55)
ELFWARRIOR(35) got damage 20HP...

ELFWARRIOR(78) ATTACK ORCHOBLIN(100)
ORCHOBLIN(85) got damage 15HP...
ELFARCHER(47) SHOOT ORCARCHER(63)
ORCARCHER(56) got damage 7HP...
ELFWIZARD(26) ATTACK ORCHOBLIN(87)
ORCHOBLIN(77) got damage 10HP...
ELFARCHER(28) ATTACK ORCHOBLIN(85)
ORCHOBLIN(82) got damage 3HP...
ELFWARRIOR(60) ATTACK ORCHOBLIN(100)
ORCHOBLIN(85) got damage 15HP...
ELFWARRIOR(35) ATTACK ORCARCHER(38)
ORCARCHER(23) got damage 15HP...
ELFWARRIOR(54) ATTACK ORCHOBLIN(82)
ORCHOBLIN(67) got damage 15HP...
ELFARCHER(17) SHOOT ORCARCHER(23)
ORCARCHER(16) got damage 7HP...

ORCSHAMAN(35) UPGRADE ORCHOBLIN(77)
ORCHOBLIN(77) ATTACK ELFWARRIOR(54)
ELFWARRIOR(24) got damage 30HP...
ORCHOBLIN(67) ATTACK ELFWIZARD(26)
ELFWIZARD(6) got damage 20HP...
ORCHOBLIN(43) ATTACK ELFWIZARD(6)
ELFWIZARD got damage 20HP and died...
ORCHOBLIN(85) ATTACK ELFARCHER(47)
ELFARCHER(27) got damage 20HP...
ORCARCHER(56) ATTACK ELFARCHER(28)
ELFARCHER(26) got damage 2HP...
ORCARCHER(16) ATTACK ELFWARRIOR(35)
ELFWARRIOR(33) got damage 2HP...

ELFWARRIOR(24) ATTACK ORCARCHER(56)
ORCARCHER(41) got damage 15HP...
ELFARCHER(27) ATTACK ORCHOBLIN(67)
ORCHOBLIN(64) got damage 3HP...
ELFARCHER(17) SHOOT ORCHOBLIN(85)
ORCHOBLIN(78) got damage 7HP...
ELFWARRIOR(60) ATTACK ORCARCHER(41)
ORCARCHER(26) got damage 15HP...
ELFWARRIOR(78) ATTACK ORCHOBLIN(78)
ORCHOBLIN(63) got damage 15HP...
ELFARCHER(26) SHOOT ORCHOBLIN(43)
ORCHOBLIN(36) got damage 7HP...
ELFWARRIOR(33) ATTACK ORCARCHER(16)
ORCARCHER(1) got damage 15HP...

ORCARCHER(26) SHOOT ELFARCHER(17)
ELFARCHER(14) got damage 3HP...
ORCHOBLIN(64) ATTACK ELFWARRIOR(60)
ELFWARRIOR(40) got damage 20HP...
ORCSHAMAN(35) UPGRADE ORCSHAMAN(35)
ORCHOBLIN(36) ATTACK ELFWARRIOR(24)
ELFWARRIOR(4) got damage 20HP...
ORCHOBLIN(63) ATTACK ELFWARRIOR(78)
ELFWARRIOR(58) got damage 20HP...
ORCARCHER(1) ATTACK ELFWARRIOR(58)
ELFWARRIOR(56) got damage 2HP...
ORCHOBLIN(77) ATTACK ELFWARRIOR(40)
ELFWARRIOR(20) got damage 20HP...

ELFARCHER(14) ATTACK ORCHOBLIN(63)
ORCHOBLIN(60) got damage 3HP...
ELFWARRIOR(56) ATTACK ORCHOBLIN(64)
ORCHOBLIN(49) got damage 15HP...
ELFWARRIOR(4) ATTACK ORCHOBLIN(60)
ORCHOBLIN(45) got damage 15HP...
ELFWARRIOR(20) ATTACK ORCHOBLIN(49)
ORCHOBLIN(34) got damage 15HP...
ELFWARRIOR(33) ATTACK ORCHOBLIN(36)
ORCHOBLIN(21) got damage 15HP...
ELFARCHER(26) ATTACK ORCARCHER(26)
ORCARCHER(23) got damage 3HP...
ELFARCHER(27) ATTACK ORCHOBLIN(21)
ORCHOBLIN(18) got damage 3HP...

ORCSHAMAN(35) UPGRADE ORCSHAMAN(35)
ORCARCHER(1) ATTACK ELFWARRIOR(33)
ELFWARRIOR(31) got damage 2HP...
ORCARCHER(23) SHOOT ELFARCHER(14)
ELFARCHER(11) got damage 3HP...
ORCHOBLIN(77) ATTACK ELFWARRIOR(20)
ELFWARRIOR got damage 20HP and died...
ORCHOBLIN(34) ATTACK ELFWARRIOR(31)
ELFWARRIOR(11) got damage 20HP...
ORCHOBLIN(45) ATTACK ELFARCHER(11)
ELFARCHER got damage 20HP and died...
ORCHOBLIN(18) ATTACK ELFARCHER(27)
ELFARCHER(7) got damage 20HP...

ELFARCHER(26) SHOOT ORCSHAMAN(35)
ORCSHAMAN(28) got damage 7HP...
ELFARCHER(7) SHOOT ORCARCHER(1)
ORCARCHER got damage 7HP and died...
ELFWARRIOR(56) ATTACK ORCHOBLIN(34)
ORCHOBLIN(19) got damage 15HP...
ELFWARRIOR(4) ATTACK ORCSHAMAN(28)
ORCSHAMAN(13) got damage 15HP...
ELFWARRIOR(11) ATTACK ORCHOBLIN(77)
ORCHOBLIN(62) got damage 15HP...

ORCSHAMAN(13) CURSE ELFWARRIOR(4)
ORCARCHER(23) ATTACK ELFWARRIOR(56)
ELFWARRIOR(54) got damage 2HP...
ORCHOBLIN(18) ATTACK ELFARCHER(26)
ELFARCHER(6) got damage 20HP...
ORCHOBLIN(45) ATTACK ELFWARRIOR(54)
ELFWARRIOR(34) got damage 20HP...
ORCHOBLIN(62) ATTACK ELFARCHER(7)
ELFARCHER got damage 20HP and died...
ORCHOBLIN(19) ATTACK ELFWARRIOR(4)
ELFWARRIOR got damage 20HP and died...

ELFWARRIOR(34) ATTACK ORCSHAMAN(13)
ORCSHAMAN got damage 15HP and died...
ELFWARRIOR(11) ATTACK ORCARCHER(23)
ORCARCHER(8) got damage 15HP...
ELFARCHER(6) ATTACK ORCHOBLIN(19)
ORCHOBLIN(16) got damage 3HP...

ORCHOBLIN(62) ATTACK ELFARCHER(6)
ELFARCHER got damage 20HP and died...
ORCHOBLIN(45) ATTACK ELFWARRIOR(11)
ELFWARRIOR got damage 20HP and died...
ORCHOBLIN(18) ATTACK ELFWARRIOR(34)
ELFWARRIOR(14) got damage 20HP...
ORCHOBLIN(16) ATTACK ELFWARRIOR(14)
ELFWARRIOR got damage 20HP and died...


